-- The C compiler identification is GNU 11.2.0
-- The CXX compiler identification is GNU 11.2.0
-- Detecting C compiler ABI info
-- Detecting C compiler ABI info - done
-- Check for working C compiler: /usr/bin/cc - skipped
-- Detecting C compile features
-- Detecting C compile features - done
-- Detecting CXX compiler ABI info
-- Detecting CXX compiler ABI info - done
-- Check for working CXX compiler: /usr/bin/c++ - skipped
-- Detecting CXX compile features
-- Detecting CXX compile features - done
-- Found ament_cmake: 1.3.11 (/opt/ros/humble/share/ament_cmake/cmake)
-- Found Python3: /usr/bin/python3 (found version "3.10.12") found components: Interpreter 
-- Found ament_lint_auto: 0.12.11 (/opt/ros/humble/share/ament_lint_auto/cmake)
-- Added test 'flake8' to check Python code syntax and style conventions
-- Added test 'lint_cmake' to check CMake code style
-- Added test 'pep257' to check Python code against some of the docstring style conventions in PEP 257
-- Added test 'xmllint' to check XML markup files
-- Configuring done
-- Generating done
-- Build files have been written to: /app/build/my_launcher
-- Install configuration: ""
-- Installing: /app/install/my_launcher/share/ament_index/resource_index/package_run_dependencies/my_launcher
-- Installing: /app/install/my_launcher/share/ament_index/resource_index/parent_prefix_path/my_launcher
-- Installing: /app/install/my_launcher/share/my_launcher/environment/ament_prefix_path.sh
-- Installing: /app/install/my_launcher/share/my_launcher/environment/ament_prefix_path.dsv
-- Installing: /app/install/my_launcher/share/my_launcher/environment/path.sh
-- Installing: /app/install/my_launcher/share/my_launcher/environment/path.dsv
-- Installing: /app/install/my_launcher/share/my_launcher/local_setup.bash
-- Installing: /app/install/my_launcher/share/my_launcher/local_setup.sh
-- Installing: /app/install/my_launcher/share/my_launcher/local_setup.zsh
-- Installing: /app/install/my_launcher/share/my_launcher/local_setup.dsv
-- Installing: /app/install/my_launcher/share/my_launcher/package.dsv
-- Installing: /app/install/my_launcher/share/ament_index/resource_index/packages/my_launcher
-- Installing: /app/install/my_launcher/share/my_launcher/cmake/my_launcherConfig.cmake
-- Installing: /app/install/my_launcher/share/my_launcher/cmake/my_launcherConfig-version.cmake
-- Installing: /app/install/my_launcher/share/my_launcher/package.xml
