[0.046s] Invoking command in '/app/build/my_launcher': CMAKE_PREFIX_PATH=/opt/tros/humble:/opt/ros/humble /usr/bin/cmake /app/my_launcher -DCMAKE_INSTALL_PREFIX=/app/install/my_launcher
[0.893s] -- The C compiler identification is GNU 11.2.0
[1.510s] -- The CXX compiler identification is GNU 11.2.0
[1.560s] -- Detecting C compiler ABI info
[1.961s] -- Detecting C compiler ABI info - done
[2.020s] -- Check for working C compiler: /usr/bin/cc - skipped
[2.023s] -- Detecting C compile features
[2.026s] -- Detecting C compile features - done
[2.047s] -- Detecting CXX compiler ABI info
[2.475s] -- Detecting CXX compiler ABI info - done
[2.533s] -- Check for working CXX compiler: /usr/bin/c++ - skipped
[2.534s] -- Detecting CXX compile features
[2.537s] -- Detecting CXX compile features - done
[2.560s] -- Found ament_cmake: 1.3.11 (/opt/ros/humble/share/ament_cmake/cmake)
[3.480s] -- Found Python3: /usr/bin/python3 (found version "3.10.12") found components: Interpreter 
[4.027s] -- Found ament_lint_auto: 0.12.11 (/opt/ros/humble/share/ament_lint_auto/cmake)
[4.538s] -- Added test 'flake8' to check Python code syntax and style conventions
[4.542s] -- Added test 'lint_cmake' to check CMake code style
[4.546s] -- Added test 'pep257' to check Python code against some of the docstring style conventions in PEP 257
[4.552s] -- Added test 'xmllint' to check XML markup files
[4.559s] -- Configuring done
[4.574s] -- Generating done
[4.584s] -- Build files have been written to: /app/build/my_launcher
[4.607s] Invoked command in '/app/build/my_launcher' returned '0': CMAKE_PREFIX_PATH=/opt/tros/humble:/opt/ros/humble /usr/bin/cmake /app/my_launcher -DCMAKE_INSTALL_PREFIX=/app/install/my_launcher
[4.618s] Invoking command in '/app/build/my_launcher': CMAKE_PREFIX_PATH=/opt/tros/humble:/opt/ros/humble /usr/bin/cmake --build /app/build/my_launcher -- -j8 -l8
[4.805s] Invoked command in '/app/build/my_launcher' returned '0': CMAKE_PREFIX_PATH=/opt/tros/humble:/opt/ros/humble /usr/bin/cmake --build /app/build/my_launcher -- -j8 -l8
[4.855s] Invoking command in '/app/build/my_launcher': CMAKE_PREFIX_PATH=/opt/tros/humble:/opt/ros/humble /usr/bin/cmake --install /app/build/my_launcher
[4.889s] -- Install configuration: ""
[4.890s] -- Installing: /app/install/my_launcher/share/ament_index/resource_index/package_run_dependencies/my_launcher
[4.890s] -- Installing: /app/install/my_launcher/share/ament_index/resource_index/parent_prefix_path/my_launcher
[4.892s] -- Installing: /app/install/my_launcher/share/my_launcher/environment/ament_prefix_path.sh
[4.893s] -- Installing: /app/install/my_launcher/share/my_launcher/environment/ament_prefix_path.dsv
[4.893s] -- Installing: /app/install/my_launcher/share/my_launcher/environment/path.sh
[4.894s] -- Installing: /app/install/my_launcher/share/my_launcher/environment/path.dsv
[4.894s] -- Installing: /app/install/my_launcher/share/my_launcher/local_setup.bash
[4.895s] -- Installing: /app/install/my_launcher/share/my_launcher/local_setup.sh
[4.895s] -- Installing: /app/install/my_launcher/share/my_launcher/local_setup.zsh
[4.896s] -- Installing: /app/install/my_launcher/share/my_launcher/local_setup.dsv
[4.896s] -- Installing: /app/install/my_launcher/share/my_launcher/package.dsv
[4.897s] -- Installing: /app/install/my_launcher/share/ament_index/resource_index/packages/my_launcher
[4.897s] -- Installing: /app/install/my_launcher/share/my_launcher/cmake/my_launcherConfig.cmake
[4.898s] -- Installing: /app/install/my_launcher/share/my_launcher/cmake/my_launcherConfig-version.cmake
[4.899s] -- Installing: /app/install/my_launcher/share/my_launcher/package.xml
[4.908s] Invoked command in '/app/build/my_launcher' returned '0': CMAKE_PREFIX_PATH=/opt/tros/humble:/opt/ros/humble /usr/bin/cmake --install /app/build/my_launcher
